<?xml version="1.0" encoding="UTF-8"?>
<!-- Generated by org.testng.reporters.JUnitReportReporter -->
<testsuite hostname="YY231502" failures="0" tests="1" name="tests.FlightBookingTest" time="4.863" errors="0" timestamp="05 Sep 2021 12:23:06 GMT" skipped="0">
  <testcase classname="tests.FlightBookingTest" name="ChooseFlight" time="4.863"/>
</testsuite> <!-- tests.FlightBookingTest -->
