<?xml version="1.0" encoding="UTF-8"?>
<!-- Generated by org.testng.reporters.JUnitReportReporter -->
<testsuite hostname="YY231502" failures="0" tests="1" name="example.example.tests.FlightBookingTest" time="3.577" errors="0" timestamp="03 Sep 2021 11:57:11 GMT" skipped="0">
  <testcase classname="example.example.tests.FlightBookingTest" name="flightBookinTest" time="3.577"/>
</testsuite> <!-- example.example.tests.FlightBookingTest -->
