<?xml version="1.0" encoding="UTF-8"?>
<!-- Generated by org.testng.reporters.JUnitReportReporter -->
<testsuite hostname="LAPTOP-A47AFV1G" failures="0" tests="1" name="example.example.tests.GoogleSearchTest" time="5.515" errors="0" timestamp="25 May 2021 14:12:16 GMT" skipped="0">
  <testcase classname="example.example.tests.GoogleSearchTest" name="googleSearchTest" time="5.515"/>
</testsuite> <!-- example.example.tests.GoogleSearchTest -->
