<?xml version="1.0" encoding="UTF-8"?>
<!-- Generated by org.testng.reporters.JUnitReportReporter -->
<testsuite hostname="LAPTOP-A47AFV1G" failures="0" tests="1" name="example.example.tests.FlightBookingTest" time="5.980" errors="0" timestamp="25 May 2021 17:50:13 GMT" skipped="0">
  <testcase classname="example.example.tests.FlightBookingTest" name="flightBookinTest" time="5.980"/>
</testsuite> <!-- example.example.tests.FlightBookingTest -->
